<?xml version="1.0" encoding="UTF-8"?>
<coverage generated="1676248706881" clover="3.2.0">
  <project timestamp="1676248706881" name="All files">
    <metrics statements="9" coveredstatements="9" conditionals="2" coveredconditionals="1" methods="4" coveredmethods="4" elements="15" coveredelements="14" complexity="0" loc="9" ncloc="9" packages="1" files="1" classes="1"/>
    <file name="bank_account.js" path="/Users/MakersAdmin/Documents/Projects/Bank Tech Test/bank_account.js">
      <metrics statements="9" coveredstatements="9" conditionals="2" coveredconditionals="1" methods="4" coveredmethods="4"/>
      <line num="3" count="6" type="stmt"/>
      <line num="4" count="6" type="stmt"/>
      <line num="5" count="6" type="stmt"/>
      <line num="11" count="3" type="stmt"/>
      <line num="14" count="2" type="cond" truecount="1" falsecount="1"/>
      <line num="15" count="2" type="stmt"/>
      <line num="18" count="1" type="stmt"/>
      <line num="19" count="1" type="stmt"/>
      <line num="24" count="1" type="stmt"/>
    </file>
  </project>
</coverage>
