{"/Users/MakersAdmin/Documents/Projects/Bank Tech Test/bank_account.js": {"path":"/Users/MakersAdmin/Documents/Projects/Bank Tech Test/bank_account.js","statementMap":{"0":{"start":{"line":3,"column":8},"end":{"line":3,"column":25}},"1":{"start":{"line":4,"column":8},"end":{"line":4,"column":29}},"2":{"start":{"line":5,"column":8},"end":{"line":5,"column":31}},"3":{"start":{"line":11,"column":8},"end":{"line":11,"column":31}},"4":{"start":{"line":14,"column":8},"end":{"line":16,"column":9}},"5":{"start":{"line":15,"column":12},"end":{"line":15,"column":73}},"6":{"start":{"line":17,"column":22},"end":{"line":17,"column":126}},"7":{"start":{"line":18,"column":8},"end":{"line":18,"column":71}},"8":{"start":{"line":21,"column":22},"end":{"line":21,"column":86}},"9":{"start":{"line":22,"column":8},"end":{"line":22,"column":72}},"10":{"start":{"line":25,"column":8},"end":{"line":25,"column":58}},"11":{"start":{"line":26,"column":8},"end":{"line":31,"column":9}},"12":{"start":{"line":26,"column":21},"end":{"line":26,"column":49}},"13":{"start":{"line":27,"column":25},"end":{"line":27,"column":103}},"14":{"start":{"line":28,"column":24},"end":{"line":28,"column":104}},"15":{"start":{"line":29,"column":26},"end":{"line":29,"column":65}},"16":{"start":{"line":30,"column":12},"end":{"line":30,"column":95}},"17":{"start":{"line":36,"column":16},"end":{"line":36,"column":33}},"18":{"start":{"line":37,"column":0},"end":{"line":37,"column":36}},"19":{"start":{"line":38,"column":0},"end":{"line":38,"column":36}},"20":{"start":{"line":39,"column":0},"end":{"line":39,"column":38}},"21":{"start":{"line":40,"column":0},"end":{"line":40,"column":20}},"22":{"start":{"line":42,"column":13},"end":{"line":42,"column":35}},"23":{"start":{"line":43,"column":21},"end":{"line":43,"column":25}},"24":{"start":{"line":45,"column":0},"end":{"line":48,"column":2}}},"fnMap":{"0":{"name":"(anonymous_0)","decl":{"start":{"line":2,"column":4},"end":{"line":2,"column":5}},"loc":{"start":{"line":2,"column":39},"end":{"line":6,"column":5}},"line":2},"1":{"name":"(anonymous_1)","decl":{"start":{"line":10,"column":4},"end":{"line":10,"column":5}},"loc":{"start":{"line":10,"column":18},"end":{"line":12,"column":5}},"line":10},"2":{"name":"(anonymous_2)","decl":{"start":{"line":13,"column":4},"end":{"line":13,"column":5}},"loc":{"start":{"line":13,"column":26},"end":{"line":19,"column":5}},"line":13},"3":{"name":"(anonymous_3)","decl":{"start":{"line":20,"column":4},"end":{"line":20,"column":5}},"loc":{"start":{"line":20,"column":29},"end":{"line":23,"column":5}},"line":20},"4":{"name":"(anonymous_4)","decl":{"start":{"line":24,"column":4},"end":{"line":24,"column":5}},"loc":{"start":{"line":24,"column":16},"end":{"line":32,"column":5}},"line":24}},"branchMap":{"0":{"loc":{"start":{"line":14,"column":8},"end":{"line":16,"column":9}},"type":"if","locations":[{"start":{"line":14,"column":8},"end":{"line":16,"column":9}},{"start":{},"end":{}}],"line":14},"1":{"loc":{"start":{"line":17,"column":22},"end":{"line":17,"column":126}},"type":"cond-expr","locations":[{"start":{"line":17,"column":53},"end":{"line":17,"column":117}},{"start":{"line":17,"column":120},"end":{"line":17,"column":126}}],"line":17},"2":{"loc":{"start":{"line":27,"column":25},"end":{"line":27,"column":103}},"type":"cond-expr","locations":[{"start":{"line":27,"column":60},"end":{"line":27,"column":98}},{"start":{"line":27,"column":101},"end":{"line":27,"column":103}}],"line":27},"3":{"loc":{"start":{"line":28,"column":24},"end":{"line":28,"column":104}},"type":"cond-expr","locations":[{"start":{"line":28,"column":58},"end":{"line":28,"column":99}},{"start":{"line":28,"column":102},"end":{"line":28,"column":104}}],"line":28}},"s":{"0":16,"1":16,"2":16,"3":8,"4":10,"5":1,"6":9,"7":9,"8":4,"9":4,"10":2,"11":2,"12":2,"13":6,"14":6,"15":6,"16":6,"17":1,"18":1,"19":1,"20":1,"21":1,"22":1,"23":1,"24":1},"f":{"0":16,"1":8,"2":10,"3":4,"4":2},"b":{"0":[1,9],"1":[3,6],"2":[4,2],"3":[2,4]},"_coverageSchema":"1a1c01bbd47fc00a2c39e90264f33305004495a9","hash":"ed73b14b211a72e83474d097888063ad89cb75c4"}
}
