{"/Users/MakersAdmin/Documents/Projects/Bank Tech Test/bank_account.js": {"path":"/Users/MakersAdmin/Documents/Projects/Bank Tech Test/bank_account.js","statementMap":{"0":{"start":{"line":3,"column":8},"end":{"line":3,"column":25}},"1":{"start":{"line":4,"column":8},"end":{"line":4,"column":29}},"2":{"start":{"line":5,"column":8},"end":{"line":5,"column":31}},"3":{"start":{"line":11,"column":8},"end":{"line":11,"column":31}},"4":{"start":{"line":14,"column":22},"end":{"line":14,"column":126}},"5":{"start":{"line":15,"column":8},"end":{"line":15,"column":71}},"6":{"start":{"line":18,"column":22},"end":{"line":18,"column":86}},"7":{"start":{"line":19,"column":8},"end":{"line":19,"column":72}},"8":{"start":{"line":22,"column":8},"end":{"line":22,"column":58}},"9":{"start":{"line":23,"column":8},"end":{"line":28,"column":9}},"10":{"start":{"line":23,"column":21},"end":{"line":23,"column":49}},"11":{"start":{"line":24,"column":25},"end":{"line":24,"column":103}},"12":{"start":{"line":25,"column":24},"end":{"line":25,"column":104}},"13":{"start":{"line":26,"column":26},"end":{"line":26,"column":65}},"14":{"start":{"line":27,"column":12},"end":{"line":27,"column":95}},"15":{"start":{"line":33,"column":16},"end":{"line":33,"column":33}},"16":{"start":{"line":34,"column":0},"end":{"line":34,"column":36}},"17":{"start":{"line":35,"column":0},"end":{"line":35,"column":36}},"18":{"start":{"line":36,"column":0},"end":{"line":36,"column":38}},"19":{"start":{"line":37,"column":0},"end":{"line":37,"column":20}},"20":{"start":{"line":39,"column":13},"end":{"line":39,"column":35}},"21":{"start":{"line":40,"column":21},"end":{"line":40,"column":25}},"22":{"start":{"line":42,"column":0},"end":{"line":45,"column":2}}},"fnMap":{"0":{"name":"(anonymous_0)","decl":{"start":{"line":2,"column":4},"end":{"line":2,"column":5}},"loc":{"start":{"line":2,"column":39},"end":{"line":6,"column":5}},"line":2},"1":{"name":"(anonymous_1)","decl":{"start":{"line":10,"column":4},"end":{"line":10,"column":5}},"loc":{"start":{"line":10,"column":18},"end":{"line":12,"column":5}},"line":10},"2":{"name":"(anonymous_2)","decl":{"start":{"line":13,"column":4},"end":{"line":13,"column":5}},"loc":{"start":{"line":13,"column":26},"end":{"line":16,"column":5}},"line":13},"3":{"name":"(anonymous_3)","decl":{"start":{"line":17,"column":4},"end":{"line":17,"column":5}},"loc":{"start":{"line":17,"column":29},"end":{"line":20,"column":5}},"line":17},"4":{"name":"(anonymous_4)","decl":{"start":{"line":21,"column":4},"end":{"line":21,"column":5}},"loc":{"start":{"line":21,"column":16},"end":{"line":29,"column":5}},"line":21}},"branchMap":{"0":{"loc":{"start":{"line":14,"column":22},"end":{"line":14,"column":126}},"type":"cond-expr","locations":[{"start":{"line":14,"column":53},"end":{"line":14,"column":117}},{"start":{"line":14,"column":120},"end":{"line":14,"column":126}}],"line":14},"1":{"loc":{"start":{"line":24,"column":25},"end":{"line":24,"column":103}},"type":"cond-expr","locations":[{"start":{"line":24,"column":60},"end":{"line":24,"column":98}},{"start":{"line":24,"column":101},"end":{"line":24,"column":103}}],"line":24},"2":{"loc":{"start":{"line":25,"column":24},"end":{"line":25,"column":104}},"type":"cond-expr","locations":[{"start":{"line":25,"column":58},"end":{"line":25,"column":99}},{"start":{"line":25,"column":102},"end":{"line":25,"column":104}}],"line":25}},"s":{"0":12,"1":12,"2":12,"3":5,"4":6,"5":6,"6":3,"7":3,"8":2,"9":2,"10":2,"11":6,"12":6,"13":6,"14":6,"15":1,"16":1,"17":1,"18":1,"19":1,"20":1,"21":1,"22":1},"f":{"0":12,"1":5,"2":6,"3":3,"4":2},"b":{"0":[2,4],"1":[4,2],"2":[2,4]},"_coverageSchema":"1a1c01bbd47fc00a2c39e90264f33305004495a9","hash":"0890186b71c13dccb58bf38bab93669087ae80f8"}
}
