TN:
SF:bank_account.js
FN:2,(anonymous_0)
FN:10,(anonymous_1)
FN:13,(anonymous_2)
FN:17,(anonymous_3)
FN:21,(anonymous_4)
FNF:5
FNH:5
FNDA:16,(anonymous_0)
FNDA:7,(anonymous_1)
FNDA:9,(anonymous_2)
FNDA:4,(anonymous_3)
FNDA:2,(anonymous_4)
DA:3,16
DA:4,16
DA:5,16
DA:11,7
DA:14,9
DA:15,9
DA:18,4
DA:19,4
DA:22,2
DA:23,2
DA:24,6
DA:25,6
DA:26,6
DA:27,6
DA:33,1
DA:34,1
DA:35,1
DA:36,1
DA:37,1
DA:39,1
DA:40,1
DA:42,1
LF:22
LH:22
BRDA:14,0,0,3
BRDA:14,0,1,6
BRDA:24,1,0,4
BRDA:24,1,1,2
BRDA:25,2,0,2
BRDA:25,2,1,4
BRF:6
BRH:6
end_of_record
