TN:
SF:bank_account.js
FN:2,(anonymous_0)
FN:10,(anonymous_1)
FN:13,(anonymous_2)
FN:20,(anonymous_3)
FN:30,(anonymous_4)
FNF:5
FNH:5
FNDA:16,(anonymous_0)
FNDA:12,(anonymous_1)
FNDA:10,(anonymous_2)
FNDA:6,(anonymous_3)
FNDA:3,(anonymous_4)
DA:3,16
DA:4,16
DA:5,16
DA:11,12
DA:14,10
DA:15,1
DA:17,9
DA:18,9
DA:21,6
DA:22,1
DA:24,5
DA:25,1
DA:27,4
DA:28,4
DA:31,3
DA:32,1
DA:33,1
DA:35,2
DA:36,2
DA:37,6
DA:38,6
DA:39,6
DA:40,6
DA:46,1
DA:47,1
DA:48,1
DA:49,1
DA:50,1
DA:52,1
DA:53,1
DA:55,1
LF:31
LH:31
BRDA:14,0,0,1
BRDA:14,0,1,9
BRDA:17,1,0,3
BRDA:17,1,1,6
BRDA:21,2,0,1
BRDA:21,2,1,5
BRDA:24,3,0,1
BRDA:24,3,1,4
BRDA:31,4,0,1
BRDA:31,4,1,2
BRDA:37,5,0,4
BRDA:37,5,1,2
BRDA:38,6,0,2
BRDA:38,6,1,4
BRF:14
BRH:14
end_of_record
